<?xml version="1.0" encoding="UTF-8"?>
<testsuite xmlns:xsi="http://www.w3.org/2001/XMLSchema-instance" xsi:noNamespaceSchemaLocation="https://maven.apache.org/surefire/maven-surefire-plugin/xsd/surefire-test-report-3.0.xsd" version="3.0" name="com.devnic.product_service.ProductServiceApplicationTests" time="8.289" tests="1" errors="0" skipped="0" failures="0">
  <properties>
[...]
</properties>
  <testcase name="shouldCreateProduct" classname="com.devnic.product_service.ProductServiceApplicationTests" time="1.56">
    <system-out><![CDATA[16:25:59.727 [main] INFO org.springframework.test.context.support.AnnotationConfigContextLoaderUtils -- Could not detect default configuration classes for test class [com.devnic.product_service.ProductServiceApplicationTests]: ProductServiceApplicationTests does not declare any static, non-private, non-final, nested classes annotated with @Configuration.
16:25:59.811 [main] INFO org.springframework.boot.test.context.SpringBootTestContextBootstrapper -- Found @SpringBootConfiguration com.devnic.product_service.ProductServiceApplication for test class com.devnic.product_service.ProductServiceApplicationTests
16:25:59.999 [main] INFO org.testcontainers.utility.ImageNameSubstitutor -- Image name substitution will be performed by: DefaultImageNameSubstitutor (composite of 'ConfigurationFileImageNameSubstitutor' and 'PrefixingImageNameSubstitutor')
16:26:00.173 [main] INFO org.testcontainers.dockerclient.DockerClientProviderStrategy -- Loaded org.testcontainers.dockerclient.NpipeSocketClientProviderStrategy from ~/.testcontainers.properties, will try it first
16:26:00.420 [main] INFO org.testcontainers.dockerclient.DockerClientProviderStrategy -- Found Docker environment with local Npipe socket (npipe:////./pipe/docker_engine)
16:26:00.422 [main] INFO org.testcontainers.DockerClientFactory -- Docker host IP address is localhost
16:26:00.440 [main] INFO org.testcontainers.DockerClientFactory -- Connected to docker: 
  Server Version: 23.0.5
  API Version: 1.42
  Operating System: Docker Desktop
  Total Memory: 7763 MB
16:26:00.490 [main] INFO tc.testcontainers/ryuk:0.5.1 -- Creating container for image: testcontainers/ryuk:0.5.1
16:26:00.746 [main] INFO org.testcontainers.utility.RegistryAuthLocator -- Credential helper/store (docker-credential-desktop) does not have credentials for https://index.docker.io/v1/
16:26:00.989 [main] INFO tc.testcontainers/ryuk:0.5.1 -- Container testcontainers/ryuk:0.5.1 is starting: 1a3829b78aa6e25afefdb8237a30269c11c6bb202eb451d0ce9e6a98aab21eaf
16:26:01.939 [main] INFO tc.testcontainers/ryuk:0.5.1 -- Container testcontainers/ryuk:0.5.1 started in PT1.4938067S
16:26:01.960 [main] INFO org.testcontainers.utility.RyukResourceReaper -- Ryuk started - will monitor and terminate Testcontainers containers on JVM exit
16:26:01.960 [main] INFO org.testcontainers.DockerClientFactory -- Checking the system...
16:26:01.960 [main] INFO org.testcontainers.DockerClientFactory -- ✔︎ Docker server version should be at least 1.6.0
16:26:01.961 [main] INFO tc.mongo:4.4.2 -- Creating container for image: mongo:4.4.2
16:26:02.051 [main] INFO tc.mongo:4.4.2 -- Container mongo:4.4.2 is starting: ba5b1b4ca16d1d5ef8b9802b3e98c40283d73b91cf5ad9d92f8729fe28ef015e
16:26:03.421 [main] INFO tc.mongo:4.4.2 -- Container mongo:4.4.2 started in PT1.4602815S

  .   ____          _            __ _ _
 /\\ / ___'_ __ _ _(_)_ __  __ _ \ \ \ \
( ( )\___ | '_ | '_| | '_ \/ _` | \ \ \ \
 \\/  ___)| |_)| | | | | || (_| |  ) ) ) )
  '  |____| .__|_| |_|_| |_\__, | / / / /
 =========|_|==============|___/=/_/_/_/
 :: Spring Boot ::                (v3.1.3)

2023-09-12T16:26:04.200+03:00  INFO 4652 --- [           main] c.d.p.ProductServiceApplicationTests     : Starting ProductServiceApplicationTests using Java 19.0.2 with PID 4652 (started by Nicholas in D:\personalprojects\ims\product-service)
2023-09-12T16:26:04.201+03:00  INFO 4652 --- [           main] c.d.p.ProductServiceApplicationTests     : No active profile set, falling back to 1 default profile: "default"
2023-09-12T16:26:04.624+03:00  INFO 4652 --- [           main] .s.d.r.c.RepositoryConfigurationDelegate : Bootstrapping Spring Data MongoDB repositories in DEFAULT mode.
2023-09-12T16:26:04.660+03:00  INFO 4652 --- [           main] .s.d.r.c.RepositoryConfigurationDelegate : Finished Spring Data repository scanning in 33 ms. Found 1 MongoDB repository interfaces.
2023-09-12T16:26:05.118+03:00  INFO 4652 --- [           main] org.mongodb.driver.client                : MongoClient with metadata {"driver": {"name": "mongo-java-driver|sync|spring-boot", "version": "4.9.1"}, "os": {"type": "Windows", "name": "Windows 11", "architecture": "amd64", "version": "10.0"}, "platform": "Java/Oracle Corporation/19.0.2+7-44"} created with settings MongoClientSettings{readPreference=primary, writeConcern=WriteConcern{w=majority, wTimeout=null ms, journal=null}, retryWrites=true, retryReads=true, readConcern=ReadConcern{level=null}, credential=MongoCredential{mechanism=null, userName='itsdevelopernic22', source='admin', password=<hidden>, mechanismProperties=<hidden>}, streamFactoryFactory=null, commandListeners=[], codecRegistry=ProvidersCodecRegistry{codecProviders=[ValueCodecProvider{}, BsonValueCodecProvider{}, DBRefCodecProvider{}, DBObjectCodecProvider{}, DocumentCodecProvider{}, CollectionCodecProvider{}, IterableCodecProvider{}, MapCodecProvider{}, GeoJsonCodecProvider{}, GridFSFileCodecProvider{}, Jsr310CodecProvider{}, JsonObjectCodecProvider{}, BsonCodecProvider{}, EnumCodecProvider{}, com.mongodb.client.model.mql.ExpressionCodecProvider@163e8949, com.mongodb.Jep395RecordCodecProvider@6eede35e]}, loggerSettings=LoggerSettings{maxDocumentLength=1000}, clusterSettings={hosts=[127.0.0.1:27017], srvHost=cluster0.jkpkpng.mongodb.net, srvServiceName=mongodb, mode=MULTIPLE, requiredClusterType=REPLICA_SET, requiredReplicaSetName='atlas-dsxrqh-shard-0', serverSelector='null', clusterListeners='[]', serverSelectionTimeout='30000 ms', localThreshold='30000 ms'}, socketSettings=SocketSettings{connectTimeoutMS=10000, readTimeoutMS=0, receiveBufferSize=0, sendBufferSize=0}, heartbeatSocketSettings=SocketSettings{connectTimeoutMS=10000, readTimeoutMS=10000, receiveBufferSize=0, sendBufferSize=0}, connectionPoolSettings=ConnectionPoolSettings{maxSize=100, minSize=0, maxWaitTimeMS=120000, maxConnectionLifeTimeMS=0, maxConnectionIdleTimeMS=0, maintenanceInitialDelayMS=0, maintenanceFrequencyMS=60000, connectionPoolListeners=[], maxConnecting=2}, serverSettings=ServerSettings{heartbeatFrequencyMS=10000, minHeartbeatFrequencyMS=500, serverListeners='[]', serverMonitorListeners='[]'}, sslSettings=SslSettings{enabled=true, invalidHostNameAllowed=false, context=null}, applicationName='null', compressorList=[], uuidRepresentation=JAVA_LEGACY, serverApi=null, autoEncryptionSettings=null, contextProvider=null}
2023-09-12T16:26:05.175+03:00  INFO 4652 --- [png.mongodb.net] org.mongodb.driver.cluster               : Adding discovered server ac-c7wr2iz-shard-00-02.jkpkpng.mongodb.net:27017 to client view of cluster
2023-09-12T16:26:05.205+03:00  INFO 4652 --- [png.mongodb.net] org.mongodb.driver.cluster               : Adding discovered server ac-c7wr2iz-shard-00-00.jkpkpng.mongodb.net:27017 to client view of cluster
2023-09-12T16:26:05.206+03:00  INFO 4652 --- [png.mongodb.net] org.mongodb.driver.cluster               : Adding discovered server ac-c7wr2iz-shard-00-01.jkpkpng.mongodb.net:27017 to client view of cluster
2023-09-12T16:26:05.929+03:00  INFO 4652 --- [           main] o.s.b.t.m.w.SpringBootMockServletContext : Initializing Spring TestDispatcherServlet ''
2023-09-12T16:26:05.930+03:00  INFO 4652 --- [           main] o.s.t.web.servlet.TestDispatcherServlet  : Initializing Servlet ''
2023-09-12T16:26:05.937+03:00  INFO 4652 --- [           main] o.s.t.web.servlet.TestDispatcherServlet  : Completed initialization in 1 ms
2023-09-12T16:26:05.955+03:00  INFO 4652 --- [ngodb.net:27017] org.mongodb.driver.cluster               : Monitor thread successfully connected to server with description ServerDescription{address=ac-c7wr2iz-shard-00-00.jkpkpng.mongodb.net:27017, type=REPLICA_SET_SECONDARY, state=CONNECTED, ok=true, minWireVersion=0, maxWireVersion=17, maxDocumentSize=16777216, logicalSessionTimeoutMinutes=30, roundTripTimeNanos=402829500, setName='atlas-dsxrqh-shard-0', canonicalAddress=ac-c7wr2iz-shard-00-00.jkpkpng.mongodb.net:27017, hosts=[ac-c7wr2iz-shard-00-00.jkpkpng.mongodb.net:27017, ac-c7wr2iz-shard-00-01.jkpkpng.mongodb.net:27017, ac-c7wr2iz-shard-00-02.jkpkpng.mongodb.net:27017], passives=[], arbiters=[], primary='ac-c7wr2iz-shard-00-01.jkpkpng.mongodb.net:27017', tagSet=TagSet{[Tag{name='nodeType', value='ELECTABLE'}, Tag{name='provider', value='AWS'}, Tag{name='region', value='AF_SOUTH_1'}, Tag{name='workloadType', value='OPERATIONAL'}]}, electionId=null, setVersion=1, topologyVersion=TopologyVersion{processId=64f8dc1ef138c9d8091d34cf, counter=4}, lastWriteDate=Tue Sep 12 16:26:04 EAT 2023, lastUpdateTimeNanos=622703836910300}
2023-09-12T16:26:05.955+03:00  INFO 4652 --- [ngodb.net:27017] org.mongodb.driver.cluster               : Monitor thread successfully connected to server with description ServerDescription{address=ac-c7wr2iz-shard-00-01.jkpkpng.mongodb.net:27017, type=REPLICA_SET_PRIMARY, state=CONNECTED, ok=true, minWireVersion=0, maxWireVersion=17, maxDocumentSize=16777216, logicalSessionTimeoutMinutes=30, roundTripTimeNanos=402463500, setName='atlas-dsxrqh-shard-0', canonicalAddress=ac-c7wr2iz-shard-00-01.jkpkpng.mongodb.net:27017, hosts=[ac-c7wr2iz-shard-00-00.jkpkpng.mongodb.net:27017, ac-c7wr2iz-shard-00-01.jkpkpng.mongodb.net:27017, ac-c7wr2iz-shard-00-02.jkpkpng.mongodb.net:27017], passives=[], arbiters=[], primary='ac-c7wr2iz-shard-00-01.jkpkpng.mongodb.net:27017', tagSet=TagSet{[Tag{name='nodeType', value='ELECTABLE'}, Tag{name='provider', value='AWS'}, Tag{name='region', value='AF_SOUTH_1'}, Tag{name='workloadType', value='OPERATIONAL'}]}, electionId=7fffffff0000000000000032, setVersion=1, topologyVersion=TopologyVersion{processId=64f8dd8a5cffcd01ce0ad901, counter=6}, lastWriteDate=Tue Sep 12 16:26:04 EAT 2023, lastUpdateTimeNanos=622703836907000}
2023-09-12T16:26:05.955+03:00  INFO 4652 --- [ngodb.net:27017] org.mongodb.driver.cluster               : Monitor thread successfully connected to server with description ServerDescription{address=ac-c7wr2iz-shard-00-02.jkpkpng.mongodb.net:27017, type=REPLICA_SET_SECONDARY, state=CONNECTED, ok=true, minWireVersion=0, maxWireVersion=17, maxDocumentSize=16777216, logicalSessionTimeoutMinutes=30, roundTripTimeNanos=402935200, setName='atlas-dsxrqh-shard-0', canonicalAddress=ac-c7wr2iz-shard-00-02.jkpkpng.mongodb.net:27017, hosts=[ac-c7wr2iz-shard-00-00.jkpkpng.mongodb.net:27017, ac-c7wr2iz-shard-00-01.jkpkpng.mongodb.net:27017, ac-c7wr2iz-shard-00-02.jkpkpng.mongodb.net:27017], passives=[], arbiters=[], primary='ac-c7wr2iz-shard-00-01.jkpkpng.mongodb.net:27017', tagSet=TagSet{[Tag{name='nodeType', value='ELECTABLE'}, Tag{name='provider', value='AWS'}, Tag{name='region', value='AF_SOUTH_1'}, Tag{name='workloadType', value='OPERATIONAL'}]}, electionId=null, setVersion=1, topologyVersion=TopologyVersion{processId=64f8dea69209f004b35cd235, counter=3}, lastWriteDate=Tue Sep 12 16:26:04 EAT 2023, lastUpdateTimeNanos=622703836993300}
2023-09-12T16:26:05.960+03:00  INFO 4652 --- [ngodb.net:27017] org.mongodb.driver.cluster               : Discovered replica set primary ac-c7wr2iz-shard-00-01.jkpkpng.mongodb.net:27017 with max election id 7fffffff0000000000000032 and max set version 1
2023-09-12T16:26:05.962+03:00  INFO 4652 --- [           main] c.d.p.ProductServiceApplicationTests     : Started ProductServiceApplicationTests in 1.968 seconds (process running for 6.784)
2023-09-12T16:26:07.368+03:00  INFO 4652 --- [           main] c.d.p.services.ProductService            : product saved Vitron TV
]]></system-out>
  </testcase>
</testsuite>